c:\users\mnh51\workspace\cuda_prac\cuda_prac\x64\debug\vc140.pdb
c:\users\mnh51\workspace\cuda_prac\cuda_prac\x64\debug\vc140.idb
c:\users\mnh51\workspace\cuda_prac\cuda_prac\x64\debug\camera.obj
c:\users\mnh51\workspace\cuda_prac\cuda_prac\x64\debug\ray.obj
x64\debug\main.cu.obj
x64\debug\vector.cu.obj
x64\debug\vector.cuh.obj
c:\users\mnh51\workspace\cuda_prac\x64\debug\cuda_prac.ilk
c:\users\mnh51\workspace\cuda_prac\x64\debug\cuda_prac.exe
c:\users\mnh51\workspace\cuda_prac\x64\debug\cuda_prac.pdb
c:\users\mnh51\workspace\cuda_prac\cuda_prac\x64\debug\main.cu.cache
c:\users\mnh51\workspace\cuda_prac\cuda_prac\x64\debug\vector.cu.cache
c:\users\mnh51\workspace\cuda_prac\cuda_prac\x64\debug\vector.cuh.cache
c:\users\mnh51\workspace\cuda_prac\cuda_prac\x64\debug\cuda_prac.device-link.obj
c:\users\mnh51\workspace\cuda_prac\cuda_prac\x64\debug\main.cu.obj
c:\users\mnh51\workspace\cuda_prac\cuda_prac\x64\debug\vector.cu.obj
c:\users\mnh51\workspace\cuda_prac\cuda_prac\x64\debug\vector.cuh.obj
c:\users\mnh51\workspace\cuda_prac\cuda_prac\x64\debug\cuda_prac.tlog\cl.command.1.tlog
c:\users\mnh51\workspace\cuda_prac\cuda_prac\x64\debug\cuda_prac.tlog\cl.read.1.tlog
c:\users\mnh51\workspace\cuda_prac\cuda_prac\x64\debug\cuda_prac.tlog\cl.write.1.tlog
c:\users\mnh51\workspace\cuda_prac\cuda_prac\x64\debug\cuda_prac.tlog\cudacompile.read.1u.tlog
c:\users\mnh51\workspace\cuda_prac\cuda_prac\x64\debug\cuda_prac.tlog\cudacompile.write.1u.tlog
c:\users\mnh51\workspace\cuda_prac\cuda_prac\x64\debug\cuda_prac.tlog\link.command.1.tlog
c:\users\mnh51\workspace\cuda_prac\cuda_prac\x64\debug\cuda_prac.tlog\link.read.1.tlog
c:\users\mnh51\workspace\cuda_prac\cuda_prac\x64\debug\cuda_prac.tlog\link.write.1.tlog
