  Compiling CUDA source file main.cu...
  
  C:\Users\mnh51\workspace\CUDA-path-tracer\CUDA_PRAC>"C:\Program Files\NVIDIA GPU Computing Toolkit\CUDA\v10.1\bin\nvcc.exe" -gencode=arch=compute_35,code=\"sm_35,compute_35\" --use-local-env -ccbin "C:\Program Files (x86)\Microsoft Visual Studio 14.0\VC\bin\x86_amd64" -x cu -rdc=true -I"C:\Program Files\NVIDIA GPU Computing Toolkit\CUDA\v10.1\include" -I"C:\Program Files\NVIDIA GPU Computing Toolkit\CUDA\v10.1\include" -I"C:\Program Files\NVIDIA GPU Computing Toolkit\CUDA\v10.1\include" -I"C:\Program Files\NVIDIA GPU Computing Toolkit\CUDA\v10.1\include"  -G   --keep-dir x64\Debug -maxrregcount=0  --machine 64 --compile -cudart static  -g   -DWIN32 -DWIN64 -D_DEBUG -D_CONSOLE -D_MBCS -Xcompiler "/EHsc /W3 /nologo /Od /Fdx64\Debug\vc140.pdb /FS /Zi /RTC1 /MDd " -o x64\Debug\main.cu.obj "C:\Users\mnh51\workspace\CUDA-path-tracer\CUDA_PRAC\main.cu" 
c:\program files\nvidia gpu computing toolkit\cuda\v10.1\include\crt\math_functions.h : warning C4819: The file contains a character that cannot be represented in the current code page (949). Save the file in Unicode format to prevent data loss
c:\program files\nvidia gpu computing toolkit\cuda\v10.1\include\crt\math_functions.h(825): warning C4819: The file contains a character that cannot be represented in the current code page (949). Save the file in Unicode format to prevent data loss
c:\program files\nvidia gpu computing toolkit\cuda\v10.1\include\crt\math_functions.h(1760): warning C4819: The file contains a character that cannot be represented in the current code page (949). Save the file in Unicode format to prevent data loss
c:\program files\nvidia gpu computing toolkit\cuda\v10.1\include\crt\math_functions.h(2622): warning C4819: The file contains a character that cannot be represented in the current code page (949). Save the file in Unicode format to prevent data loss
c:\program files\nvidia gpu computing toolkit\cuda\v10.1\include\crt\math_functions.h(3461): warning C4819: The file contains a character that cannot be represented in the current code page (949). Save the file in Unicode format to prevent data loss
c:\program files\nvidia gpu computing toolkit\cuda\v10.1\include\crt\math_functions.h(4404): warning C4819: The file contains a character that cannot be represented in the current code page (949). Save the file in Unicode format to prevent data loss
c:\program files\nvidia gpu computing toolkit\cuda\v10.1\include\crt\math_functions.h(5302): warning C4819: The file contains a character that cannot be represented in the current code page (949). Save the file in Unicode format to prevent data loss
c:\program files\nvidia gpu computing toolkit\cuda\v10.1\include\crt\math_functions.h(6213): warning C4819: The file contains a character that cannot be represented in the current code page (949). Save the file in Unicode format to prevent data loss
c:\program files\nvidia gpu computing toolkit\cuda\v10.1\include\crt\math_functions.h(7094): warning C4819: The file contains a character that cannot be represented in the current code page (949). Save the file in Unicode format to prevent data loss
c:\program files\nvidia gpu computing toolkit\cuda\v10.1\include\crt\math_functions.h(7893): warning C4819: The file contains a character that cannot be represented in the current code page (949). Save the file in Unicode format to prevent data loss
c:\program files\nvidia gpu computing toolkit\cuda\v10.1\include\crt/device_functions.h : warning C4819: The file contains a character that cannot be represented in the current code page (949). Save the file in Unicode format to prevent data loss
c:\program files\nvidia gpu computing toolkit\cuda\v10.1\include\crt/device_functions.h(774): warning C4819: The file contains a character that cannot be represented in the current code page (949). Save the file in Unicode format to prevent data loss
c:\program files\nvidia gpu computing toolkit\cuda\v10.1\include\crt/device_functions.h(1629): warning C4819: The file contains a character that cannot be represented in the current code page (949). Save the file in Unicode format to prevent data loss
c:\program files\nvidia gpu computing toolkit\cuda\v10.1\include\crt\device_double_functions.h : warning C4819: The file contains a character that cannot be represented in the current code page (949). Save the file in Unicode format to prevent data loss
c:\program files\nvidia gpu computing toolkit\cuda\v10.1\include\sm_20_intrinsics.h : warning C4819: The file contains a character that cannot be represented in the current code page (949). Save the file in Unicode format to prevent data loss
c:\program files\nvidia gpu computing toolkit\cuda\v10.1\include\sm_20_intrinsics.h(926): warning C4819: The file contains a character that cannot be represented in the current code page (949). Save the file in Unicode format to prevent data loss
c:\program files\nvidia gpu computing toolkit\cuda\v10.1\include\crt\math_functions.h : warning C4819: The file contains a character that cannot be represented in the current code page (949). Save the file in Unicode format to prevent data loss
c:\program files\nvidia gpu computing toolkit\cuda\v10.1\include\crt\math_functions.h(825): warning C4819: The file contains a character that cannot be represented in the current code page (949). Save the file in Unicode format to prevent data loss
c:\program files\nvidia gpu computing toolkit\cuda\v10.1\include\crt\math_functions.h(1760): warning C4819: The file contains a character that cannot be represented in the current code page (949). Save the file in Unicode format to prevent data loss
c:\program files\nvidia gpu computing toolkit\cuda\v10.1\include\crt\math_functions.h(2622): warning C4819: The file contains a character that cannot be represented in the current code page (949). Save the file in Unicode format to prevent data loss
c:\program files\nvidia gpu computing toolkit\cuda\v10.1\include\crt\math_functions.h(3461): warning C4819: The file contains a character that cannot be represented in the current code page (949). Save the file in Unicode format to prevent data loss
c:\program files\nvidia gpu computing toolkit\cuda\v10.1\include\crt\math_functions.h(4404): warning C4819: The file contains a character that cannot be represented in the current code page (949). Save the file in Unicode format to prevent data loss
c:\program files\nvidia gpu computing toolkit\cuda\v10.1\include\crt\math_functions.h(5302): warning C4819: The file contains a character that cannot be represented in the current code page (949). Save the file in Unicode format to prevent data loss
c:\program files\nvidia gpu computing toolkit\cuda\v10.1\include\crt\math_functions.h(6213): warning C4819: The file contains a character that cannot be represented in the current code page (949). Save the file in Unicode format to prevent data loss
c:\program files\nvidia gpu computing toolkit\cuda\v10.1\include\crt\math_functions.h(7094): warning C4819: The file contains a character that cannot be represented in the current code page (949). Save the file in Unicode format to prevent data loss
c:\program files\nvidia gpu computing toolkit\cuda\v10.1\include\crt\math_functions.h(7893): warning C4819: The file contains a character that cannot be represented in the current code page (949). Save the file in Unicode format to prevent data loss
c:\program files\nvidia gpu computing toolkit\cuda\v10.1\include\crt/device_functions.h : warning C4819: The file contains a character that cannot be represented in the current code page (949). Save the file in Unicode format to prevent data loss
c:\program files\nvidia gpu computing toolkit\cuda\v10.1\include\crt/device_functions.h(774): warning C4819: The file contains a character that cannot be represented in the current code page (949). Save the file in Unicode format to prevent data loss
c:\program files\nvidia gpu computing toolkit\cuda\v10.1\include\crt/device_functions.h(1629): warning C4819: The file contains a character that cannot be represented in the current code page (949). Save the file in Unicode format to prevent data loss
c:\program files\nvidia gpu computing toolkit\cuda\v10.1\include\crt\device_double_functions.h : warning C4819: The file contains a character that cannot be represented in the current code page (949). Save the file in Unicode format to prevent data loss
c:\program files\nvidia gpu computing toolkit\cuda\v10.1\include\sm_20_intrinsics.h : warning C4819: The file contains a character that cannot be represented in the current code page (949). Save the file in Unicode format to prevent data loss
c:\program files\nvidia gpu computing toolkit\cuda\v10.1\include\sm_20_intrinsics.h(926): warning C4819: The file contains a character that cannot be represented in the current code page (949). Save the file in Unicode format to prevent data loss
  main.cu
c:\program files\nvidia gpu computing toolkit\cuda\v10.1\include\crt\math_functions.h : warning C4819: The file contains a character that cannot be represented in the current code page (949). Save the file in Unicode format to prevent data loss
c:\program files\nvidia gpu computing toolkit\cuda\v10.1\include\crt\math_functions.h(825): warning C4819: The file contains a character that cannot be represented in the current code page (949). Save the file in Unicode format to prevent data loss
c:\program files\nvidia gpu computing toolkit\cuda\v10.1\include\crt\math_functions.h(1760): warning C4819: The file contains a character that cannot be represented in the current code page (949). Save the file in Unicode format to prevent data loss
c:\program files\nvidia gpu computing toolkit\cuda\v10.1\include\crt\math_functions.h(2622): warning C4819: The file contains a character that cannot be represented in the current code page (949). Save the file in Unicode format to prevent data loss
c:\program files\nvidia gpu computing toolkit\cuda\v10.1\include\crt\math_functions.h(3461): warning C4819: The file contains a character that cannot be represented in the current code page (949). Save the file in Unicode format to prevent data loss
c:\program files\nvidia gpu computing toolkit\cuda\v10.1\include\crt\math_functions.h(4404): warning C4819: The file contains a character that cannot be represented in the current code page (949). Save the file in Unicode format to prevent data loss
c:\program files\nvidia gpu computing toolkit\cuda\v10.1\include\crt\math_functions.h(5302): warning C4819: The file contains a character that cannot be represented in the current code page (949). Save the file in Unicode format to prevent data loss
c:\program files\nvidia gpu computing toolkit\cuda\v10.1\include\crt\math_functions.h(6213): warning C4819: The file contains a character that cannot be represented in the current code page (949). Save the file in Unicode format to prevent data loss
c:\program files\nvidia gpu computing toolkit\cuda\v10.1\include\crt\math_functions.h(7094): warning C4819: The file contains a character that cannot be represented in the current code page (949). Save the file in Unicode format to prevent data loss
c:\program files\nvidia gpu computing toolkit\cuda\v10.1\include\crt\math_functions.h(7893): warning C4819: The file contains a character that cannot be represented in the current code page (949). Save the file in Unicode format to prevent data loss
  ray.cu
  camera.cu
  Generating Code...
  
  C:\Users\mnh51\workspace\CUDA-path-tracer\CUDA_PRAC>"C:\Program Files\NVIDIA GPU Computing Toolkit\CUDA\v10.1\bin\nvcc.exe" -dlink -o x64\Debug\CUDA_PRAC.device-link.obj -Xcompiler "/EHsc /W3 /nologo /Od /Zi /RTC1 /MDd " -L"C:\Program Files\NVIDIA GPU Computing Toolkit\CUDA\v10.1\lib\x64" -L"C:\Program Files\NVIDIA GPU Computing Toolkit\CUDA\v10.1\lib\x64" -L"C:\Program Files\NVIDIA GPU Computing Toolkit\CUDA\v10.1\lib\x64" cuda.lib cufft.lib cudart.lib cublas.lib cudart_static.lib kernel32.lib user32.lib gdi32.lib winspool.lib comdlg32.lib advapi32.lib shell32.lib ole32.lib oleaut32.lib uuid.lib odbc32.lib odbccp32.lib  -gencode=arch=compute_35,code=sm_35 -G --machine 64 x64\Debug\main.cu.obj x64\Debug\vector.cu.obj x64\Debug\vector.cuh.obj 
  cuda.lib
  cufft.lib
  cudart.lib
  cublas.lib
  cudart_static.lib
  kernel32.lib
  user32.lib
  gdi32.lib
  winspool.lib
  comdlg32.lib
  advapi32.lib
  shell32.lib
  ole32.lib
  oleaut32.lib
  uuid.lib
  odbc32.lib
  odbccp32.lib
  main.cu.obj
  vector.cu.obj
  vector.cuh.obj
  CUDA_PRAC.vcxproj -> C:\Users\mnh51\workspace\CUDA-path-tracer\x64\Debug\CUDA_PRAC.exe
  CUDA_PRAC.vcxproj -> C:\Users\mnh51\workspace\CUDA-path-tracer\x64\Debug\CUDA_PRAC.pdb (Full PDB)
